<?xml version="1.0" encoding="UTF-8"?>
<robot generator="Robot 3.1.2 (Python 3.8.1 on win32)" generated="20200324 20:55:28.462" rpa="false">
<suite id="s1" name="DDT2Execl" source="C:\Users\prana\PycharmProjects\RobotFrameWork\TestCases\DDT2Execl.robot">
<kw name="Open My Browser" library="login_Resources" type="setup">
<kw name="Open Browser" library="SeleniumLibrary">
<doc>Opens a new browser instance to the given ``url``.</doc>
<arguments>
<arg>${Login url}</arg>
<arg>${browser}</arg>
</arguments>
<msg timestamp="20200324 20:55:28.655" level="INFO">Opening browser 'chrome' to base url 'https://admin-demo.nopcommerce.com/login'.</msg>
<status status="PASS" starttime="20200324 20:55:28.655" endtime="20200324 20:55:31.862"></status>
</kw>
<kw name="Maximize Browser Window" library="SeleniumLibrary">
<doc>Maximizes current browser window.</doc>
<status status="PASS" starttime="20200324 20:55:31.862" endtime="20200324 20:55:32.980"></status>
</kw>
<status status="PASS" starttime="20200324 20:55:28.655" endtime="20200324 20:55:32.980"></status>
</kw>
<test id="s1-t1" name="LoginTestwithExecl using">
<kw>
<assign>
<var>${username}</var>
<var>${password}</var>
</assign>
<msg timestamp="20200324 20:55:32.981" level="FAIL">Keyword name cannot be empty.</msg>
<status status="FAIL" starttime="20200324 20:55:32.981" endtime="20200324 20:55:32.981"></status>
</kw>
<status status="FAIL" starttime="20200324 20:55:32.980" endtime="20200324 20:55:32.981" critical="yes">Keyword name cannot be empty.</status>
</test>
<kw name="Close My Browsers" library="login_Resources" type="teardown">
<kw name="Close All Browsers" library="SeleniumLibrary">
<doc>Closes all open browsers and resets the browser cache.</doc>
<status status="PASS" starttime="20200324 20:55:32.983" endtime="20200324 20:55:35.111"></status>
</kw>
<status status="PASS" starttime="20200324 20:55:32.983" endtime="20200324 20:55:35.111"></status>
</kw>
<status status="FAIL" starttime="20200324 20:55:28.463" endtime="20200324 20:55:35.111"></status>
</suite>
<statistics>
<total>
<stat pass="0" fail="1">Critical Tests</stat>
<stat pass="0" fail="1">All Tests</stat>
</total>
<tag>
</tag>
<suite>
<stat pass="0" fail="1" id="s1" name="DDT2Execl">DDT2Execl</stat>
</suite>
</statistics>
<errors>
<msg timestamp="20200324 20:55:28.654" level="ERROR">Calling method '_start_suite' of listener 'DataDriver' failed: ImportError: Requirements (pandas, numpy) for XLS support are not installed.
    Use 'pip install -U robotframework-datadriver[XLS]' to install XLS support.</msg>
</errors>
</robot>
